[PRINT] !NAME
[PRINT] §
[PRINT] !END
[READ] !NAME
[READ] Steve
[READ] !END
[PRINT] !NAME
[PRINT] §
[PRINT] !END
[READ] !NAME
[READ] Mama
[READ] !END
[PRINT] !NAME
[PRINT] §
[PRINT] !END
[READ] !NAME
[READ] Papa
[READ] !END
[PRINT] !NAME
[PRINT] §
[PRINT] !END
[READ] !NAME
[READ] Michael
[READ] !END
[PRINT] !ID
[PRINT] 0
[PRINT] !END
[PRINT] !MITSPIELER
[PRINT] Steve
[PRINT] Mama
[PRINT] Papa
[PRINT] Michael
[PRINT] !END
[PRINT] !ID
[PRINT] 1
[PRINT] !END
[PRINT] !MITSPIELER
[PRINT] Steve
[PRINT] Mama
[PRINT] Papa
[PRINT] Michael
[PRINT] !END
[PRINT] !ID
[PRINT] 2
[PRINT] !END
[PRINT] !MITSPIELER
[PRINT] Steve
[PRINT] Mama
[PRINT] Papa
[PRINT] Michael
[PRINT] !END
[PRINT] !ID
[PRINT] 3
[PRINT] !END
[PRINT] !MITSPIELER
[PRINT] Steve
[PRINT] Mama
[PRINT] Papa
[PRINT] Michael
[PRINT] !END
[PRINT] !MODEL
[PRINT] !ERSTE3
[PRINT] SCHELLEN
[PRINT] ZEHN
[PRINT] EICHEL
[PRINT] ZEHN
[PRINT] GRAS
[PRINT] ZEHN
[PRINT] §
[PRINT] §
[PRINT] §
[PRINT] §
[PRINT] §
[PRINT] §
[PRINT] §
[PRINT] §
[PRINT] §
[PRINT] §
[PRINT] §
[PRINT] §
[PRINT] §
[PRINT] §
[PRINT] §
[PRINT] §
[PRINT] §
[PRINT] §
[PRINT] §
[PRINT] §
[PRINT] §
[PRINT] §
[READ] !ERSTE3
[READ] JA
[READ] !END
[PRINT] !MODEL
[PRINT] !ERSTE3
[PRINT] SCHELLEN
[PRINT] KONIG
[PRINT] HERZ
[PRINT] NEUN
[PRINT] GRAS
[PRINT] UNTER
[PRINT] §
[PRINT] §
[PRINT] §
[PRINT] §
[PRINT] §
[PRINT] §
[PRINT] §
[PRINT] §
[PRINT] §
[PRINT] §
[PRINT] §
[PRINT] §
[PRINT] §
[PRINT] §
[PRINT] §
[PRINT] §
[PRINT] §
[PRINT] §
[PRINT] §
[PRINT] §
[PRINT] §
[PRINT] §
[READ] !ERSTE3
[READ] NEIN
[READ] !END
[PRINT] !MODEL
[PRINT] !ERSTE3
[PRINT] GRAS
[PRINT] KONIG
[PRINT] GRAS
[PRINT] OBER
[PRINT] SCHELLEN
[PRINT] UNTER
[PRINT] §
[PRINT] §
[PRINT] §
[PRINT] §
[PRINT] §
[PRINT] §
[PRINT] §
[PRINT] §
[PRINT] §
[PRINT] §
[PRINT] §
[PRINT] §
[PRINT] §
[PRINT] §
[PRINT] §
[PRINT] §
[PRINT] §
[PRINT] §
[PRINT] §
[PRINT] §
[PRINT] §
[PRINT] §
[READ] !ERSTE3
[READ] JA
[READ] !END
[PRINT] !MODEL
[PRINT] !ERSTE3
[PRINT] HERZ
[PRINT] UNTER
[PRINT] EICHEL
[PRINT] OBER
[PRINT] HERZ
[PRINT] KONIG
[PRINT] §
[PRINT] §
[PRINT] §
[PRINT] §
[PRINT] §
[PRINT] §
[PRINT] §
[PRINT] §
[PRINT] §
[PRINT] §
[PRINT] §
[PRINT] §
[PRINT] §
[PRINT] §
[PRINT] §
[PRINT] §
[PRINT] §
[PRINT] §
[PRINT] §
[PRINT] §
[PRINT] §
[PRINT] §
[READ] !ERSTE3
[READ] NEIN
[READ] !END
[PRINT] !GEKLOPFT
[PRINT] JA
[PRINT] NEIN
[PRINT] JA
[PRINT] NEIN
[PRINT] !END
[PRINT] !GEKLOPFT
[PRINT] JA
[PRINT] NEIN
[PRINT] JA
[PRINT] NEIN
[PRINT] !END
[PRINT] !GEKLOPFT
[PRINT] JA
[PRINT] NEIN
[PRINT] JA
[PRINT] NEIN
[PRINT] !END
[PRINT] !GEKLOPFT
[PRINT] JA
[PRINT] NEIN
[PRINT] JA
[PRINT] NEIN
[PRINT] !END
[PRINT] !MODEL
[PRINT] !SPIELSTDU
[PRINT] SCHELLEN
[PRINT] ZEHN
[PRINT] EICHEL
[PRINT] ZEHN
[PRINT] GRAS
[PRINT] ZEHN
[PRINT] GRAS
[PRINT] NEUN
[PRINT] EICHEL
[PRINT] KONIG
[PRINT] GRAS
[PRINT] SAU
[PRINT] §
[PRINT] §
[PRINT] §
[PRINT] §
[PRINT] §
[PRINT] §
[PRINT] §
[PRINT] §
[PRINT] §
[PRINT] §
[PRINT] §
[PRINT] §
[PRINT] §
[PRINT] §
[PRINT] §
[PRINT] §
[READ] !SPIELSTDU
[READ] NICHTS
[READ] !END
[PRINT] !MODEL
[PRINT] !SPIELSTDU
[PRINT] SCHELLEN
[PRINT] KONIG
[PRINT] HERZ
[PRINT] NEUN
[PRINT] GRAS
[PRINT] UNTER
[PRINT] SCHELLEN
[PRINT] SAU
[PRINT] SCHELLEN
[PRINT] NEUN
[PRINT] HERZ
[PRINT] ZEHN
[PRINT] §
[PRINT] §
[PRINT] §
[PRINT] §
[PRINT] §
[PRINT] §
[PRINT] §
[PRINT] §
[PRINT] §
[PRINT] §
[PRINT] §
[PRINT] §
[PRINT] §
[PRINT] §
[PRINT] §
[PRINT] §
[READ] !SPIELSTDU
[READ] NICHTS
[READ] !END
[PRINT] !MODEL
[PRINT] !SPIELSTDU
[PRINT] GRAS
[PRINT] KONIG
[PRINT] GRAS
[PRINT] OBER
[PRINT] SCHELLEN
[PRINT] UNTER
[PRINT] SCHELLEN
[PRINT] OBER
[PRINT] EICHEL
[PRINT] SAU
[PRINT] HERZ
[PRINT] SAU
[PRINT] §
[PRINT] §
[PRINT] §
[PRINT] §
[PRINT] §
[PRINT] §
[PRINT] §
[PRINT] §
[PRINT] §
[PRINT] §
[PRINT] §
[PRINT] §
[PRINT] §
[PRINT] §
[PRINT] §
[PRINT] §
[READ] !SPIELSTDU
[READ] GEIER
[READ] !END
[PRINT] !MODEL
[PRINT] !SPIELSTDU
[PRINT] HERZ
[PRINT] UNTER
[PRINT] EICHEL
[PRINT] OBER
[PRINT] HERZ
[PRINT] KONIG
[PRINT] HERZ
[PRINT] OBER
[PRINT] EICHEL
[PRINT] NEUN
[PRINT] EICHEL
[PRINT] UNTER
[PRINT] §
[PRINT] §
[PRINT] §
[PRINT] §
[PRINT] §
[PRINT] §
[PRINT] §
[PRINT] §
[PRINT] §
[PRINT] §
[PRINT] §
[PRINT] §
[PRINT] §
[PRINT] §
[PRINT] §
[PRINT] §
[READ] !SPIELSTDU
[READ] WENZ
[READ] !END
[PRINT] !MODUS
[PRINT] GEIER
[PRINT] !END
[READ] !KONTRA
[READ] JA
[READ] !END
[READ] null
java.lang.NullPointerException
	at lib.Netzwerk.einlesen(Netzwerk.java:195)
	at lib.Netzwerk.read(Netzwerk.java:247)
	at server.Mensch.listen(Mensch.java:60)
	at server.Mensch$1.run(Mensch.java:48)
[PRINT] !BEENDEN
[PRINT] §
[PRINT] !END
[READ] null
java.lang.NullPointerException
	at lib.Netzwerk.einlesen(Netzwerk.java:195)
	at lib.Netzwerk.read(Netzwerk.java:247)
	at server.Mensch.listen(Mensch.java:60)
	at server.Mensch$1.run(Mensch.java:48)
[PRINT] !BEENDEN
[PRINT] §
[PRINT] !END
[READ] null
java.lang.NullPointerException
	at lib.Netzwerk.einlesen(Netzwerk.java:195)
	at lib.Netzwerk.read(Netzwerk.java:247)
	at server.Mensch.listen(Mensch.java:60)
	at server.Mensch$1.run(Mensch.java:48)
[PRINT] !BEENDEN
[PRINT] §
[PRINT] !END
java.lang.NullPointerException
	at lib.Netzwerk.einlesen(Netzwerk.java:195)
	at lib.Netzwerk.read(Netzwerk.java:247)
	at server.Mensch.listen(Mensch.java:60)
	at server.Mensch$1.run(Mensch.java:48)
[READ] null
[PRINT] !BEENDEN
[PRINT] §
[PRINT] !END

